Initialize...
start position: [51.5954017639, 31.5682983398]
end position: [7.0, 24.0]
Failure finding route
start position: [52.1260261536, 28.543964386]
end position: [7.0, 24.0]
Failure finding route
start position: [53.7130584717, 30.6720733643]
end position: [7.0, 24.0]
Failure finding route
start position: [51.7202148438, 29.4361896515]
end position: [7.0, 24.0]
Failure finding route
start position: [52.8620567322, 28.5173225403]
end position: [7.0, 24.0]
Failure finding route
start position: [50.6559028625, 28.7614498138]
end position: [7.0, 24.0]
Failure finding route
start position: [50.6241111755, 27.6263370514]
end position: [7.0, 24.0]
Failure finding route
start position: [51.1851119995, 27.1367683411]
end position: [7.0, 24.0]
Failure finding route
start position: [52.4736480713, 28.0650444031]
end position: [7.0, 24.0]
Failure finding route
start position: [48.6251907349, 39.125328064]
end position: [7.0, 24.0]
[Vector2(48.0, 39.0), Vector2(47.0, 39.0), Vector2(46.0, 39.0), Vector2(45.0, 38.0), Vector2(44.0, 37.0), Vector2(44.0, 36.0), Vector2(43.0, 35.0), Vector2(42.0, 35.0), Vector2(41.0, 35.0), Vector2(40.0, 35.0), Vector2(39.0, 35.0), Vector2(38.0, 34.0), Vector2(37.0, 33.0), Vector2(36.0, 32.0), Vector2(35.0, 32.0), Vector2(34.0, 32.0), Vector2(33.0, 32.0), Vector2(32.0, 32.0), Vector2(31.0, 32.0), Vector2(30.0, 32.0), Vector2(29.0, 31.0), Vector2(28.0, 31.0), Vector2(27.0, 31.0), Vector2(26.0, 30.0), Vector2(26.0, 29.0), Vector2(25.0, 28.0), Vector2(24.0, 27.0), Vector2(24.0, 26.0), Vector2(23.0, 25.0), Vector2(22.0, 24.0), Vector2(21.0, 23.0), Vector2(20.0, 23.0), Vector2(19.0, 23.0), Vector2(18.0, 23.0), Vector2(17.0, 23.0), Vector2(16.0, 23.0), Vector2(15.0, 23.0), Vector2(14.0, 23.0), Vector2(13.0, 23.0), Vector2(12.0, 23.0), Vector2(11.0, 23.0), Vector2(10.0, 23.0), Vector2(9.0, 23.0), Vector2(8.0, 23.0), Vector2(7.0, 23.0), Vector2(6.0, 23.0), Vector2(6.95316500946, 23.8101304037)]
Initialize...
start position: [4.00257396698, 42.3826332092]
end position: [53.0, 44.0]
Failure finding route
start position: [5.7379283905, 46.6272506714]
end position: [53.0, 44.0]
Failure finding route
start position: [4.65608978271, 46.8706932068]
end position: [53.0, 44.0]
Failure finding route
start position: [3.10009455681, 43.4464950562]
end position: [53.0, 44.0]
Failure finding route
start position: [8.26656341553, 47.3622741699]
end position: [53.0, 44.0]
Failure finding route
start position: [8.69431686401, 46.6097259521]
end position: [53.0, 44.0]
Failure finding route
start position: [8.05642414093, 46.5922164917]
end position: [53.0, 44.0]
Failure finding route
start position: [4.07211112976, 46.0405387878]
end position: [53.0, 44.0]
Failure finding route
Initialize...
start position: [4.33062076569, 42.2406997681]
end position: [80.0, 17.0]
Failure finding route
start position: [4.69277524948, 42.3381347656]
end position: [80.0, 17.0]
Failure finding route
start position: [3.7147769928, 47.2728500366]
end position: [80.0, 17.0]
Failure finding route
start position: [5.4807343483, 44.788684845]
end position: [80.0, 17.0]
Failure finding route
start position: [3.81365251541, 47.292640686]
end position: [80.0, 17.0]
Failure finding route
start position: [8.67294025421, 45.1405143738]
end position: [80.0, 17.0]
Failure finding route
start position: [6.18893146515, 42.0840454102]
end position: [80.0, 17.0]
Failure finding route
start position: [4.33799791336, 46.4497642517]
end position: [80.0, 17.0]
Failure finding route
start position: [6.37160587311, 41.9308280945]
end position: [80.0, 17.0]
Failure finding route
start position: [5.90598344803, 45.7145233154]
end position: [80.0, 17.0]
Failure finding route
start position: [4.00351142883, 47.2341957092]
end position: [80.0, 17.0]
Failure finding route
start position: [4.49209737778, 41.0746192932]
end position: [80.0, 17.0]
Failure finding route
start position: [8.74701595306, 44.0792655945]
end position: [80.0, 17.0]
Failure finding route
start position: [4.69876432419, 46.8706130981]
end position: [80.0, 17.0]
Failure finding route
start position: [3.10877037048, 43.9344711304]
end position: [80.0, 17.0]
Failure finding route
Initialize...
start position: [4.00257396698, 42.3826332092]
end position: [53.0, 44.0]
Failure finding route
start position: [5.7379283905, 46.6272506714]
end position: [53.0, 44.0]
Failure finding route
start position: [4.65608978271, 46.8706932068]
end position: [53.0, 44.0]
Failure finding route
start position: [3.10009455681, 43.4464950562]
end position: [53.0, 44.0]
Failure finding route
start position: [8.26656341553, 47.3622741699]
end position: [53.0, 44.0]
Failure finding route
start position: [8.69431686401, 46.6097259521]
end position: [53.0, 44.0]
Failure finding route
start position: [8.05642414093, 46.5922164917]
end position: [53.0, 44.0]
Failure finding route
start position: [4.07211112976, 46.0405387878]
end position: [53.0, 44.0]
Failure finding route
start position: [7.24043416977, 47.4235877991]
end position: [32.050037384, 16.8942546844]
Failure finding route
start position: [4.57409954071, 42.6158370972]
end position: [32.050037384, 16.8942546844]
Failure finding route
start position: [7.37130737305, 43.2528800964]
end position: [32.050037384, 16.8942546844]
Failure finding route
start position: [7.83721828461, 46.203868866]
end position: [32.050037384, 16.8942546844]
Failure finding route
start position: [7.80567932129, 46.0350646973]
end position: [32.050037384, 16.8942546844]
Failure finding route
